这个错误 linker link.exe not found 是 Windows 环境下安装 Rust 最常见的问题。
它的意思是：你虽然安装了 Rust 编译器，但你的电脑里缺少 C++ 编译工具链（MSVC）。Rust 在 Windows 上编译程序时，需要调用微软的链接器（link.exe）来生成最终的 .exe 文件。

**********************************************************************
** Visual Studio 2026 Developer Command Prompt v18.1.1
** Copyright (c) 2025 Microsoft Corporation
**********************************************************************
[DEBUG:ext\vcvars.bat] Found potential v145 version file: 'Microsoft.VCToolsVersion.VC.14.50.18.0.txt'
[DEBUG:ext\vcvars.bat] Testing v145 version file: 'Microsoft.VCToolsVersion.VC.14.50.18.0.txt'
[vcvarsall.bat] Environment initialized for: 'x64'

C:\Program Files\Microsoft Visual Studio\18\Community>where link.exe
C:\Program Files\Microsoft Visual Studio\18\Community\VC\Tools\MSVC\14.50.35717\bin\Hostx64\x64\link.exe

PS C:\Users\Administrator\Desktop\ACSA\o_sovereign_rust> cargo build --release
   Compiling proc-macro2 v1.0.103
   Compiling quote v1.0.42
   Compiling windows_x86_64_msvc v0.53.1
   Compiling parking_lot_core v0.9.12
   Compiling serde_core v1.0.228
   Compiling serde v1.0.228
   Compiling ring v0.17.14
   Compiling icu_normalizer_data v2.1.1
   Compiling httparse v1.10.1
   Compiling icu_properties_data v2.1.2
   Compiling try-lock v0.2.5
   Compiling libc v0.2.178
   Compiling untrusted v0.9.0
   Compiling want v0.3.1
   Compiling sync_wrapper v1.0.2
   Compiling zerocopy v0.8.31
   Compiling fnv v1.0.7
   Compiling serde_json v1.0.147
   Compiling atomic-waker v1.1.2
   Compiling windows-targets v0.53.5
   Compiling ident_case v1.0.1
   Compiling windows-sys v0.60.2
   Compiling rustls v0.23.35
   Compiling strsim v0.11.1
   Compiling tower-layer v0.3.3
   Compiling httpdate v1.0.3
   Compiling parking_lot v0.12.5
   Compiling form_urlencoded v1.2.2
   Compiling unicase v2.8.1
   Compiling zmij v0.1.7
   Compiling base64 v0.22.1
   Compiling mime v0.3.17
   Compiling subtle v2.6.1
   Compiling ipnet v2.11.0
   Compiling mime_guess v2.0.5
   Compiling http-body-util v0.1.3
   Compiling schannel v0.1.28
   Compiling utf8_iter v1.0.4
   Compiling ryu v1.0.21
   Compiling webpki-roots v1.0.4
   Compiling rand_core v0.6.4
   Compiling aho-corasick v1.1.4
   Compiling bitflags v2.10.0
   Compiling syn v2.0.111
   Compiling minimal-lexical v0.2.1
   Compiling autocfg v1.5.0
   Compiling rustls-native-certs v0.8.2
   Compiling once_cell_polyfill v1.70.2
   Compiling regex-syntax v0.8.8
   Compiling utf8parse v0.2.2
   Compiling anstyle v1.0.13
   Compiling iri-string v0.7.9
   Compiling socket2 v0.6.1
   Compiling thiserror v1.0.69
   Compiling rustversion v1.0.22
   Compiling anstyle-wincon v3.0.11
   Compiling num-traits v0.2.19
   Compiling anstyle-parse v0.2.7
   Compiling nom v7.1.3
   Compiling anstyle-query v1.1.5
   Compiling is_terminal_polyfill v1.70.2
   Compiling colorchoice v1.0.4
   Compiling anstream v0.6.21
   Compiling instant v0.1.13
   Compiling futures-timer v3.0.3
   Compiling lazy_static v1.5.0
   Compiling ppv-lite86 v0.2.21
   Compiling heck v0.5.0
   Compiling regex-automata v0.4.13
   Compiling clap_lex v0.7.6
   Compiling anyhow v1.0.100
   Compiling rand_chacha v0.3.1
   Compiling clap_builder v4.5.53
   Compiling serde_path_to_error v0.1.20
   Compiling rand v0.8.5
   Compiling sharded-slab v0.1.7
   Compiling eventsource-stream v0.2.3
   Compiling rustls-webpki v0.103.8
   Compiling tracing-log v0.2.0
   Compiling nu-ansi-term v0.50.3
   Compiling thread_local v1.1.9
   Compiling matchit v0.7.3
   Compiling synstructure v0.13.2
   Compiling darling_core v0.20.11
   Compiling dotenv v0.15.0
   Compiling zerofrom-derive v0.1.6
   Compiling yoke-derive v0.8.1
   Compiling tokio-macros v2.6.0
   Compiling zerovec-derive v0.11.2
   Compiling displaydoc v0.2.5
   Compiling futures-macro v0.3.31
   Compiling tracing-attributes v0.1.31
   Compiling serde_derive v1.0.228
   Compiling async-trait v0.1.89
   Compiling tokio v1.48.0
   Compiling futures-util v0.3.31
   Compiling thiserror-impl v1.0.69
   Compiling matchers v0.2.0
   Compiling clap_derive v4.5.49
   Compiling tracing v0.1.44
   Compiling zerofrom v0.1.6
   Compiling yoke v0.8.1
   Compiling zerovec v0.11.5
   Compiling zerotrie v0.2.3
   Compiling async-convert v1.0.0
   Compiling regex v1.12.2
   Compiling darling_macro v0.20.11
   Compiling tinystr v0.8.2
   Compiling potential_utf v0.1.4
   Compiling darling v0.20.11
   Compiling icu_collections v2.1.1
   Compiling derive_builder_core v0.20.2
   Compiling icu_locale_core v2.1.1
   Compiling clap v4.5.53
   Compiling derive_builder_macro v0.20.2
   Compiling icu_provider v2.1.1
   Compiling derive_builder v0.20.2
   Compiling serde_urlencoded v0.7.1
   Compiling secrecy v0.8.0
   Compiling tracing-serde v0.2.0
   Compiling chrono v0.4.42
   Compiling icu_normalizer v2.1.1
   Compiling icu_properties v2.1.2
   Compiling futures-executor v0.3.31
   Compiling axum-core v0.4.5
   Compiling futures v0.3.31
   Compiling tracing-subscriber v0.3.22
   Compiling idna_adapter v1.2.1
   Compiling idna v1.1.0
   Compiling url v2.5.7
   Compiling hyper v1.8.1
   Compiling tower v0.5.2
   Compiling tokio-rustls v0.26.4
   Compiling tokio-util v0.7.17
   Compiling backoff v0.4.0
   Compiling tower-http v0.6.8
   Compiling tokio-stream v0.1.17
   Compiling hyper-util v0.1.19
   Compiling hyper-rustls v0.27.7
   Compiling axum v0.7.9
   Compiling reqwest v0.12.28
   Compiling reqwest-eventsource v0.6.0
   Compiling async-openai v0.20.0
   Compiling o-sovereign v0.1.0 (C:\Users\Administrator\Desktop\ACSA\o_sovereign_rust)
warning: unused import: `anyhow::Result`
  --> src\core\addressing_system.rs:11:5
   |
11 | use anyhow::Result;
   |     ^^^^^^^^^^^^^^
   |
   = note: `#[warn(unused_imports)]` (part of `#[warn(unused)]`) on by default

warning: unused import: `super::protocol::AgentWeights`
  --> src\core\agent_extension.rs:10:5
   |
10 | use super::protocol::AgentWeights;
   |     ^^^^^^^^^^^^^^^^^^^^^^^^^^^^^

warning: unused import: `warn`
  --> src\core\agent_state.rs:17:21
   |
17 | use tracing::{info, warn};
   |                     ^^^^

warning: unused imports: `debug` and `warn`
  --> src\core\auth_system.rs:17:15
   |
17 | use tracing::{debug, info, warn};
   |               ^^^^^        ^^^^

warning: unused import: `warn`
  --> src\core\auto_takeover.rs:10:21
   |
10 | use tracing::{info, warn};
   |                     ^^^^

warning: unused import: `anyhow::Result`
 --> src\core\behavior_monitor.rs:5:5
  |
5 | use anyhow::Result;
  |     ^^^^^^^^^^^^^^

warning: unused import: `Duration`
 --> src\core\behavior_monitor.rs:6:24
  |
6 | use chrono::{DateTime, Duration, Utc};
  |                        ^^^^^^^^

warning: unused import: `warn`
 --> src\core\behavior_monitor.rs:9:21
  |
9 | use tracing::{info, warn};
  |                     ^^^^

warning: unused import: `BinaryTwin`
  --> src\core\behavior_monitor.rs:11:28
   |
11 | use super::sosa_api_pool::{BinaryTwin, SparseMarkov};
   |                            ^^^^^^^^^^

warning: unused import: `HashSet`
 --> src\core\data_security.rs:8:33
  |
8 | use std::collections::{HashMap, HashSet};
  |                                 ^^^^^^^

warning: unused import: `anyhow`
  --> src\core\database.rs:11:14
   |
11 | use anyhow::{anyhow, Result};
   |              ^^^^^^

warning: unused import: `std::time::Duration`
  --> src\core\database.rs:16:5
   |
16 | use std::time::Duration;
   |     ^^^^^^^^^^^^^^^^^^^

warning: unused imports: `debug`, `error`, and `warn`
  --> src\core\emergency_log.rs:19:15
   |
19 | use tracing::{debug, error, info, warn};
   |               ^^^^^  ^^^^^        ^^^^

warning: unused import: `warn`
  --> src\core\http_server.rs:17:21
   |
17 | use tracing::{info, warn};
   |                     ^^^^

warning: unused import: `anyhow::Result`
  --> src\core\metrics.rs:11:5
   |
11 | use anyhow::Result;
   |     ^^^^^^^^^^^^^^

warning: unused import: `OnceLock`
  --> src\core\performance.rs:11:27
   |
11 | use std::sync::{LazyLock, OnceLock};
   |                           ^^^^^^^^

warning: unused import: `warn`
  --> src\core\prompt_manager.rs:18:21
   |
18 | use tracing::{info, warn};
   |                     ^^^^

warning: unused import: `anyhow`
  --> src\core\rag_engine.rs:11:14
   |
11 | use anyhow::{anyhow, Result};
   |              ^^^^^^

warning: unused import: `anyhow`
  --> src\core\rate_limiter.rs:11:14
   |
11 | use anyhow::{anyhow, Result};
   |              ^^^^^^

warning: unused import: `debug`
  --> src\core\rate_limiter.rs:17:15
   |
17 | use tracing::{debug, info, warn};
   |               ^^^^^

warning: unused import: `warn`
  --> src\core\shadow_mode.rs:18:28
   |
18 | use tracing::{debug, info, warn};
   |                            ^^^^

warning: unused import: `KeyPurpose`
  --> src\core\shadow_mode.rs:20:41
   |
20 | use super::sosa_crypto::{EncryptedData, KeyPurpose, SosaCryptoEngine};
   |                                         ^^^^^^^^^^

warning: unused import: `warn`
  --> src\core\sosa_crypto.rs:18:28
   |
18 | use tracing::{debug, info, warn};
   |                            ^^^^

warning: unused import: `BinaryTwin`
  --> src\core\sosa_learning.rs:11:28
   |
11 | use super::sosa_api_pool::{BinaryTwin, SparseMarkov};
   |                            ^^^^^^^^^^

warning: unused import: `std::net::SocketAddr`
  --> src\core\terminal_server.rs:12:5
   |
12 | use std::net::SocketAddr;
   |     ^^^^^^^^^^^^^^^^^^^^

warning: unused import: `error`
  --> src\core\terminal_server.rs:20:22
   |
20 | use tracing::{debug, error, info, warn};
   |                      ^^^^^

warning: variable does not need to be mutable
   --> src\core\config_manager.rs:315:13
    |
315 |         let mut errors = Vec::new();
    |             ----^^^^^^
    |             |
    |             help: remove this `mut`
    |
    = note: `#[warn(unused_mut)]` (part of `#[warn(unused)]`) on by default

warning: unused variable: `base_tokens`
   --> src\core\agent_extension.rs:197:13
    |
197 |         let base_tokens = 1000u64; // 基准token数
    |             ^^^^^^^^^^^ help: if this is intentional, prefix it with an underscore: `_base_tokens`
    |
    = note: `#[warn(unused_variables)]` (part of `#[warn(unused)]`) on by default

warning: unused variable: `params`
   --> src\core\database.rs:131:42
    |
131 |     pub async fn query(&self, sql: &str, params: Vec<serde_json::Value>) -> Result<Vec<QueryRow>> {
    |                                          ^^^^^^ help: if this is intentional, prefix it with an underscore: `_params`

warning: unused variable: `params`
   --> src\core\database.rs:161:44
    |
161 |     pub async fn execute(&self, sql: &str, params: Vec<serde_json::Value>) -> Result<u64> {
    |                                            ^^^^^^ help: if this is intentional, prefix it with an underscore: `_params`

warning: unused variable: `data_security`
  --> src\core\image_generator.rs:59:9
   |
59 |         data_security: &DataSecurityManager,
   |         ^^^^^^^^^^^^^ help: if this is intentional, prefix it with an underscore: `_data_security`

warning: unused variable: `image_data`
  --> src\core\image_generator.rs:61:13
   |
61 |         let image_data = self.generate(prompt).await?;
   |             ^^^^^^^^^^ help: if this is intentional, prefix it with an underscore: `_image_data`

warning: unused variable: `position`
   --> src\core\lsp_server.rs:298:42
    |
298 |     pub async fn hover(&self, uri: &str, position: Position) -> Result<Option<String>> {
    |                                          ^^^^^^^^ help: if this is intentional, prefix it with an underscore: `_position`

warning: unused variable: `protocol_version`
   --> src\core\mcp_server.rs:259:17
    |
259 |                 protocol_version,
    |                 ^^^^^^^^^^^^^^^^ help: try ignoring the field: `protocol_version: _`

warning: unused variable: `existing`
   --> src\core\prompt_manager.rs:182:25
    |
182 | ...   if let Some(existing) = templates.values().find(|t| t.name == template.name && t.template_id != template...
    |                   ^^^^^^^^ help: if this is intentional, prefix it with an underscore: `_existing`

warning: unused variable: `metadata`
   --> src\core\terminal_server.rs:255:40
    |
255 |             WsMessage::Text { content, metadata } => {
    |                                        ^^^^^^^^ help: try ignoring the field: `metadata: _`

warning: fields `sensitive_patterns` and `resource_tracking` are never read
   --> src\core\data_security.rs:170:5
    |
162 | pub struct DataSecurityManager {
    |            ------------------- fields in this struct
...
170 |     sensitive_patterns: HashMap<DataCategory, Vec<regex::Regex>>,
    |     ^^^^^^^^^^^^^^^^^^
171 |     /// 资源使用追踪
172 |     resource_tracking: bool,
    |     ^^^^^^^^^^^^^^^^^
    |
    = note: `#[warn(dead_code)]` (part of `#[warn(unused)]`) on by default

warning: method `request_permission` is never used
   --> src\core\data_security.rs:360:14
    |
175 | impl DataSecurityManager {
    | ------------------------ method in this implementation
...
360 |     async fn request_permission(&mut self, perm_type: PermissionType, reason: &str) -> Result<()> {
    |              ^^^^^^^^^^^^^^^^^^

warning: field `owner_id` is never read
  --> src\core\distributed.rs:99:5
   |
95 | pub struct DistributedLock {
   |            --------------- field in this struct
...
99 |     owner_id: String,
   |     ^^^^^^^^

warning: method `generate_progress_report` is never used
   --> src\core\deepseek.rs:119:8
    |
 41 | impl DeepSeekProvider {
    | --------------------- method in this implementation
...
119 |     fn generate_progress_report(&self, task: &str, status: &str) -> String {
    |        ^^^^^^^^^^^^^^^^^^^^^^^^

warning: field `last_flush` is never read
  --> src\core\emergency_log.rs:68:5
   |
63 | pub struct EmergencyLogger {
   |            --------------- field in this struct
...
68 |     last_flush: Arc<Mutex<std::time::Instant>>,
   |     ^^^^^^^^^^

warning: field `state` is never read
   --> src\core\http_server.rs:108:5
    |
106 | pub struct HttpServer {
    |            ---------- field in this struct
107 |     config: HttpServerConfig,
108 |     state: Arc<ServerState>,
    |     ^^^^^

warning: associated items `build_router`, `health_handler`, `metrics_handler`, `auth_middleware`, `rate_limit_middleware`, and `cors_layer` are never used
   --> src\core\http_server.rs:145:8
    |
111 | impl HttpServer {
    | --------------- associated items in this implementation
...
145 |     fn build_router(&self) -> String {
    |        ^^^^^^^^^^^^
...
162 |     async fn health_handler(state: Arc<ServerState>) -> String {
    |              ^^^^^^^^^^^^^^
...
205 |     async fn metrics_handler(state: Arc<ServerState>) -> String {
    |              ^^^^^^^^^^^^^^^
...
210 |     async fn auth_middleware(/* request */) -> Result<()> {
    |              ^^^^^^^^^^^^^^^
...
219 |     async fn rate_limit_middleware(state: Arc<ServerState> /* request */) -> Result<()> {
    |              ^^^^^^^^^^^^^^^^^^^^^
...
230 |     fn cors_layer(&self) -> String {
    |        ^^^^^^^^^^

warning: function `chat_handler` is never used
   --> src\core\http_server.rs:254:10
    |
254 | async fn chat_handler(
    |          ^^^^^^^^^^^^

warning: function `login_handler` is never used
   --> src\core\http_server.rs:286:10
    |
286 | async fn login_handler(
    |          ^^^^^^^^^^^^^

warning: field `markov` is never read
   --> src\core\jarvis.rs:581:5
    |
575 | pub struct JarvisManager {
    |            ------------- field in this struct
...
581 |     markov: SparseMarkov,
    |     ^^^^^^

warning: field `event_bus` is never read
   --> src\core\plugin_system.rs:226:5
    |
221 | pub struct PluginSystem {
    |            ------------ field in this struct
...
226 |     event_bus: Option<Arc<EventBus>>,
    |     ^^^^^^^^^

warning: field `config` is never read
   --> src\core\sosa_api_pool.rs:381:5
    |
375 | pub struct SosaApiPool {
    |            ----------- field in this struct
...
381 |     config: PoolConfig,
    |     ^^^^^^

warning: field `message_rx` is never read
  --> src\core\terminal_server.rs:90:5
   |
86 | pub struct TerminalServer {
   |            -------------- field in this struct
...
90 |     message_rx: Arc<RwLock<mpsc::UnboundedReceiver<(String, WsMessage)>>>,
   |     ^^^^^^^^^^

warning: `o-sovereign` (lib) generated 49 warnings (run `cargo fix --lib -p o-sovereign` to apply 36 suggestions)
error[E0433]: failed to resolve: use of unresolved module or unlinked crate `dioxus`
 --> src\bin\desktop.rs:3:5
  |
3 | use dioxus::prelude::*;
  |     ^^^^^^ use of unresolved module or unlinked crate `dioxus`
  |
  = help: if you wanted to use a crate named `dioxus`, use `cargo add dioxus` to add it to your `Cargo.toml`

error[E0433]: failed to resolve: use of unresolved module or unlinked crate `dioxus`
 --> src\bin\tui.rs:3:5
  |
3 | use dioxus::prelude::*;
  |     ^^^^^^ use of unresolved module or unlinked crate `dioxus`
  |
  = help: if you wanted to use a crate named `dioxus`, use `cargo add dioxus` to add it to your `Cargo.toml`

error: cannot find attribute `component` in this scope
  --> src\bin\tui.rs:18:3
   |
18 | #[component]
   |   ^^^^^^^^^

error: cannot find attribute `component` in this scope
  --> src\bin\desktop.rs:19:3
   |
19 | #[component]
   |   ^^^^^^^^^

error: cannot find macro `rsx` in this scope
  --> src\bin\tui.rs:42:5
   |
42 |     rsx! {
   |     ^^^

error: cannot find macro `rsx` in this scope
  --> src\bin\desktop.rs:50:5
   |
50 |     rsx! {
   |     ^^^

error: cannot find attribute `component` in this scope
   --> src\bin\desktop.rs:135:3
    |
135 | #[component]
    |   ^^^^^^^^^

error: cannot find macro `rsx` in this scope
   --> src\bin\desktop.rs:137:5
    |
137 |     rsx! {
    |     ^^^

error[E0433]: failed to resolve: use of unresolved module or unlinked crate `dioxus`
  --> src\bin\desktop.rs:16:5
   |
16 |     dioxus::desktop::launch(App);
   |     ^^^^^^ use of unresolved module or unlinked crate `dioxus`
   |
   = help: if you wanted to use a crate named `dioxus`, use `cargo add dioxus` to add it to your `Cargo.toml`

error[E0412]: cannot find type `Element` in this scope
  --> src\bin\tui.rs:19:13
   |
19 | fn App() -> Element {
   |             ^^^^^^^ not found in this scope

error[E0425]: cannot find function `spawn` in this scope
  --> src\bin\tui.rs:28:9
   |
28 |         spawn(async move {
   |         ^^^^^ not found in this scope
   |
help: consider importing one of these functions
   |
 3 + use std::thread::spawn;
   |
 3 + use tokio::spawn;
   |

warning: unused import: `std::sync::Arc`
 --> src\bin\tui.rs:5:5
  |
5 | use std::sync::Arc;
  |     ^^^^^^^^^^^^^^
  |
  = note: `#[warn(unused_imports)]` (part of `#[warn(unused)]`) on by default

error[E0412]: cannot find type `Element` in this scope
  --> src\bin\desktop.rs:20:13
   |
20 | fn App() -> Element {
   |             ^^^^^^^ not found in this scope

error[E0425]: cannot find function `spawn` in this scope
  --> src\bin\desktop.rs:37:9
   |
37 |         spawn(async move {
   |         ^^^^^ not found in this scope
   |
help: consider importing one of these functions
   |
 3 + use std::thread::spawn;
   |
 3 + use tokio::spawn;
   |

error[E0412]: cannot find type `Element` in this scope
   --> src\bin\desktop.rs:136:63
    |
136 | fn AgentStatusBadge(role: AgentRole, status: &'static str) -> Element {
    |                                                               ^^^^^^^ not found in this scope

warning: unused import: `std::sync::Arc`
 --> src\bin\desktop.rs:5:5
  |
5 | use std::sync::Arc;
  |     ^^^^^^^^^^^^^^
  |
  = note: `#[warn(unused_imports)]` (part of `#[warn(unused)]`) on by default

warning: unused import: `tokio::sync::Mutex`
 --> src\bin\desktop.rs:6:5
  |
6 | use tokio::sync::Mutex;
  |     ^^^^^^^^^^^^^^^^^^

error[E0433]: failed to resolve: use of unresolved module or unlinked crate `dioxus_tui`
  --> src\bin\tui.rs:15:5
   |
15 |     dioxus_tui::launch(App);
   |     ^^^^^^^^^^ use of unresolved module or unlinked crate `dioxus_tui`
   |
   = help: if you wanted to use a crate named `dioxus_tui`, use `cargo add dioxus_tui` to add it to your `Cargo.toml`

error[E0425]: cannot find function `use_signal` in this scope
  --> src\bin\desktop.rs:22:26
   |
22 |     let mut input_text = use_signal(|| String::new());
   |                          ^^^^^^^^^^ not found in this scope

error[E0425]: cannot find function `use_signal` in this scope
  --> src\bin\tui.rs:20:26
   |
20 |     let mut input_text = use_signal(|| String::new());
   |                          ^^^^^^^^^^ not found in this scope

error[E0425]: cannot find function `use_signal` in this scope
  --> src\bin\desktop.rs:23:27
   |
23 |     let mut output_text = use_signal(|| String::from("ACSA Output will appear here..."));
   |                           ^^^^^^^^^^ not found in this scope

error[E0425]: cannot find function `use_signal` in this scope
  --> src\bin\tui.rs:21:27
   |
21 |     let mut output_text = use_signal(|| String::from("Ready. Enter command and press Enter."));
   |                           ^^^^^^^^^^ not found in this scope

error[E0425]: cannot find function `use_signal` in this scope
  --> src\bin\desktop.rs:24:29
   |
24 |     let mut is_processing = use_signal(|| false);
   |                             ^^^^^^^^^^ not found in this scope

error[E0425]: cannot find function `use_signal` in this scope
  --> src\bin\tui.rs:22:22
   |
22 |     let mut status = use_signal(|| String::from("Idle"));
   |                      ^^^^^^^^^^ not found in this scope

error[E0425]: cannot find function `use_signal` in this scope
  --> src\bin\desktop.rs:25:24
   |
25 |     let mut use_mock = use_signal(|| true);
   |                        ^^^^^^^^^^ not found in this scope

error[E0425]: cannot find function `use_signal` in this scope
  --> src\bin\desktop.rs:26:30
   |
26 |     let mut risk_threshold = use_signal(|| 70u8);
   |                              ^^^^^^^^^^ not found in this scope

Some errors have detailed explanations: E0412, E0425, E0433.
For more information about an error, try `rustc --explain E0412`.
warning: `o-sovereign` (bin "o-sovereign-tui") generated 1 warning
error: could not compile `o-sovereign` (bin "o-sovereign-tui") due to 9 previous errors; 1 warning emitted
warning: build failed, waiting for other jobs to finish...
warning: `o-sovereign` (bin "o-sovereign-desktop") generated 2 warnings
error: could not compile `o-sovereign` (bin "o-sovereign-desktop") due to 14 previous errors; 2 warnings emitted
